<?xml version="1.0" encoding="UTF-8"?>
<!-- Generated by org.testng.reporters.JUnitReportReporter -->
<testsuite hostname="DESKTOP-I9864M9" failures="0" tests="2" name="com.cryptoquant.qa.testcases.LoginPageTest" time="29.547" errors="0" timestamp="2021-07-07T01:52:16 IST" skipped="0">
  <testcase classname="com.cryptoquant.qa.testcases.LoginPageTest" name="cryptoquantLogoImageTest" time="15.038"/>
  <system-out/>
  <testcase classname="com.cryptoquant.qa.testcases.LoginPageTest" name="loginTest" time="14.509"/>
  <system-out/>
</testsuite> <!-- com.cryptoquant.qa.testcases.LoginPageTest -->
